# JRE version: Java(TM) SE Runtime Environment (8.0_131-b11) (build 1.8.0_131-b11)
# Java VM: Java HotSpot(TM) 64-Bit Server VM (25.131-b11 mixed mode windows-amd64 compressed oops)
Heap:
 PSYoungGen      total 482816K, used 424419K [0x00000000e0000000, 0x0000000100000000, 0x0000000100000000)
  eden space 443392K, 90% used [0x00000000e0000000,0x00000000f86d02f0,0x00000000fb100000)
  from space 39424K, 61% used [0x00000000fd980000,0x00000000ff128958,0x0000000100000000)
  to   space 40448K, 0% used [0x00000000fb100000,0x00000000fb100000,0x00000000fd880000)
 ParOldGen       total 553472K, used 342429K [0x00000000a0000000, 0x00000000c1c80000, 0x00000000e0000000)
  object space 553472K, 61% used [0x00000000a0000000,0x00000000b4e67510,0x00000000c1c80000)
 Metaspace       used 104916K, capacity 109627K, committed 111104K, reserved 1144832K
  class space    used 13667K, capacity 14571K, committed 15104K, reserved 1048576K
GC Heap History (10 events):
Event: 110.180 GC heap before
{Heap before GC invocations=49 (full 5):
 PSYoungGen      total 471552K, used 437521K [0x00000000e0000000, 0x00000000ffe00000, 0x0000000100000000)
  eden space 423936K, 100% used [0x00000000e0000000,0x00000000f9e00000,0x00000000f9e00000)
  from space 47616K, 28% used [0x00000000f9e00000,0x00000000fab44550,0x00000000fcc80000)
  to   space 45056K, 0% used [0x00000000fd200000,0x00000000fd200000,0x00000000ffe00000)
 ParOldGen       total 553472K, used 309370K [0x00000000a0000000, 0x00000000c1c80000, 0x00000000e0000000)
  object space 553472K, 55% used [0x00000000a0000000,0x00000000b2e1e978,0x00000000c1c80000)
 Metaspace       used 104846K, capacity 109495K, committed 111104K, reserved 1144832K
  class space    used 13666K, capacity 14571K, committed 15104K, reserved 1048576K
Event: 110.204 GC heap after
Heap after GC invocations=49 (full 5):
 PSYoungGen      total 472064K, used 13346K [0x00000000e0000000, 0x00000000ff980000, 0x0000000100000000)
  eden space 431616K, 0% used [0x00000000e0000000,0x00000000e0000000,0x00000000fa580000)
  from space 40448K, 32% used [0x00000000fd200000,0x00000000fdf089a8,0x00000000ff980000)
  to   space 43008K, 0% used [0x00000000fa580000,0x00000000fa580000,0x00000000fcf80000)
 ParOldGen       total 553472K, used 318845K [0x00000000a0000000, 0x00000000c1c80000, 0x00000000e0000000)
  object space 553472K, 57% used [0x00000000a0000000,0x00000000b375f418,0x00000000c1c80000)
 Metaspace       used 104846K, capacity 109495K, committed 111104K, reserved 1144832K
  class space    used 13666K, capacity 14571K, committed 15104K, reserved 1048576K
}
Event: 110.661 GC heap before
{Heap before GC invocations=50 (full 5):
 PSYoungGen      total 472064K, used 444962K [0x00000000e0000000, 0x00000000ff980000, 0x0000000100000000)
  eden space 431616K, 100% used [0x00000000e0000000,0x00000000fa580000,0x00000000fa580000)
  from space 40448K, 32% used [0x00000000fd200000,0x00000000fdf089a8,0x00000000ff980000)
  to   space 43008K, 0% used [0x00000000fa580000,0x00000000fa580000,0x00000000fcf80000)
 ParOldGen       total 553472K, used 318845K [0x00000000a0000000, 0x00000000c1c80000, 0x00000000e0000000)
  object space 553472K, 57% used [0x00000000a0000000,0x00000000b375f418,0x00000000c1c80000)
 Metaspace       used 104851K, capacity 109495K, committed 111104K, reserved 1144832K
  class space    used 13666K, capacity 14571K, committed 15104K, reserved 1048576K
Event: 110.680 GC heap after
Heap after GC invocations=50 (full 5):
 PSYoungGen      total 474624K, used 12763K [0x00000000e0000000, 0x00000000ffe80000, 0x0000000100000000)
  eden space 431616K, 0% used [0x00000000e0000000,0x00000000e0000000,0x00000000fa580000)
  from space 43008K, 29% used [0x00000000fa580000,0x00000000fb1f6d28,0x00000000fcf80000)
  to   space 40960K, 0% used [0x00000000fd680000,0x00000000fd680000,0x00000000ffe80000)
 ParOldGen       total 553472K, used 327258K [0x00000000a0000000, 0x00000000c1c80000, 0x00000000e0000000)
  object space 553472K, 59% used [0x00000000a0000000,0x00000000b3f969f0,0x00000000c1c80000)
 Metaspace       used 104851K, capacity 109495K, committed 111104K, reserved 1144832K
  class space    used 13666K, capacity 14571K, committed 15104K, reserved 1048576K
}
Event: 111.166 GC heap before
{Heap before GC invocations=51 (full 5):
 PSYoungGen      total 474624K, used 444379K [0x00000000e0000000, 0x00000000ffe80000, 0x0000000100000000)
  eden space 431616K, 100% used [0x00000000e0000000,0x00000000fa580000,0x00000000fa580000)
  from space 43008K, 29% used [0x00000000fa580000,0x00000000fb1f6d28,0x00000000fcf80000)
  to   space 40960K, 0% used [0x00000000fd680000,0x00000000fd680000,0x00000000ffe80000)
 ParOldGen       total 553472K, used 327258K [0x00000000a0000000, 0x00000000c1c80000, 0x00000000e0000000)
  object space 553472K, 59% used [0x00000000a0000000,0x00000000b3f969f0,0x00000000c1c80000)
 Metaspace       used 104867K, capacity 109559K, committed 111104K, reserved 1144832K
  class space    used 13666K, capacity 14571K, committed 15104K, reserved 1048576K
Event: 111.185 GC heap after
Heap after GC invocations=51 (full 5):
 PSYoungGen      total 478720K, used 7199K [0x00000000e0000000, 0x00000000ffc00000, 0x0000000100000000)
  eden space 440320K, 0% used [0x00000000e0000000,0x00000000e0000000,0x00000000fae00000)
  from space 38400K, 18% used [0x00000000fd680000,0x00000000fdd87cd0,0x00000000ffc00000)
  to   space 39936K, 0% used [0x00000000fae00000,0x00000000fae00000,0x00000000fd500000)
 ParOldGen       total 553472K, used 334930K [0x00000000a0000000, 0x00000000c1c80000, 0x00000000e0000000)
  object space 553472K, 60% used [0x00000000a0000000,0x00000000b4714958,0x00000000c1c80000)
 Metaspace       used 104867K, capacity 109559K, committed 111104K, reserved 1144832K
  class space    used 13666K, capacity 14571K, committed 15104K, reserved 1048576K
}
Event: 111.911 GC heap before
{Heap before GC invocations=52 (full 5):
 PSYoungGen      total 478720K, used 447519K [0x00000000e0000000, 0x00000000ffc00000, 0x0000000100000000)
  eden space 440320K, 100% used [0x00000000e0000000,0x00000000fae00000,0x00000000fae00000)
  from space 38400K, 18% used [0x00000000fd680000,0x00000000fdd87cd0,0x00000000ffc00000)
  to   space 39936K, 0% used [0x00000000fae00000,0x00000000fae00000,0x00000000fd500000)
 ParOldGen       total 553472K, used 334930K [0x00000000a0000000, 0x00000000c1c80000, 0x00000000e0000000)
  object space 553472K, 60% used [0x00000000a0000000,0x00000000b4714958,0x00000000c1c80000)
 Metaspace       used 104872K, capacity 109559K, committed 111104K, reserved 1144832K
  class space    used 13666K, capacity 14571K, committed 15104K, reserved 1048576K
Event: 111.926 GC heap after
Heap after GC invocations=52 (full 5):
 PSYoungGen      total 480256K, used 4990K [0x00000000e0000000, 0x0000000100000000, 0x0000000100000000)
  eden space 440320K, 0% used [0x00000000e0000000,0x00000000e0000000,0x00000000fae00000)
  from space 39936K, 12% used [0x00000000fae00000,0x00000000fb2dfb60,0x00000000fd500000)
  to   space 39424K, 0% used [0x00000000fd980000,0x00000000fd980000,0x0000000100000000)
 ParOldGen       total 553472K, used 339551K [0x00000000a0000000, 0x00000000c1c80000, 0x00000000e0000000)
  object space 553472K, 61% used [0x00000000a0000000,0x00000000b4b97c10,0x00000000c1c80000)
 Metaspace       used 104872K, capacity 109559K, committed 111104K, reserved 1144832K
  class space    used 13666K, capacity 14571K, committed 15104K, reserved 1048576K
}
Event: 118.546 GC heap before
{Heap before GC invocations=53 (full 5):
 PSYoungGen      total 480256K, used 445310K [0x00000000e0000000, 0x0000000100000000, 0x0000000100000000)
  eden space 440320K, 100% used [0x00000000e0000000,0x00000000fae00000,0x00000000fae00000)
  from space 39936K, 12% used [0x00000000fae00000,0x00000000fb2dfb60,0x00000000fd500000)
  to   space 39424K, 0% used [0x00000000fd980000,0x00000000fd980000,0x0000000100000000)
 ParOldGen       total 553472K, used 339551K [0x00000000a0000000, 0x00000000c1c80000, 0x00000000e0000000)
  object space 553472K, 61% used [0x00000000a0000000,0x00000000b4b97c10,0x00000000c1c80000)
 Metaspace       used 104894K, capacity 109559K, committed 111104K, reserved 1144832K
  class space    used 13667K, capacity 14571K, committed 15104K, reserved 1048576K
Event: 118.579 GC heap after
Heap after GC invocations=53 (full 5):
 PSYoungGen      total 482816K, used 24226K [0x00000000e0000000, 0x0000000100000000, 0x0000000100000000)
  eden space 443392K, 0% used [0x00000000e0000000,0x00000000e0000000,0x00000000fb100000)
  from space 39424K, 61% used [0x00000000fd980000,0x00000000ff128958,0x0000000100000000)
  to   space 40448K, 0% used [0x00000000fb100000,0x00000000fb100000,0x00000000fd880000)
 ParOldGen       total 553472K, used 342429K [0x00000000a0000000, 0x00000000c1c80000, 0x00000000e0000000)
  object space 553472K, 61% used [0x00000000a0000000,0x00000000b4e67510,0x00000000c1c80000)
 Metaspace       used 104894K, capacity 109559K, committed 111104K, reserved 1144832K
  class space    used 13667K, capacity 14571K, committed 15104K, reserved 1048576K
}

