# JRE version: Java(TM) SE Runtime Environment (8.0_131-b11) (build 1.8.0_131-b11)
# Java VM: Java HotSpot(TM) 64-Bit Server VM (25.131-b11 mixed mode windows-amd64 compressed oops)
Heap:
 PSYoungGen      total 457728K, used 53517K [0x00000000e0000000, 0x0000000100000000, 0x0000000100000000)
  eden space 394240K, 11% used [0x00000000e0000000,0x00000000e2bbe7c0,0x00000000f8100000)
  from space 63488K, 13% used [0x00000000f8100000,0x00000000f8984e70,0x00000000fbf00000)
  to   space 62976K, 0% used [0x00000000fc280000,0x00000000fc280000,0x0000000100000000)
 ParOldGen       total 359936K, used 116622K [0x00000000a0000000, 0x00000000b5f80000, 0x00000000e0000000)
  object space 359936K, 32% used [0x00000000a0000000,0x00000000a71e3a20,0x00000000b5f80000)
 Metaspace       used 86328K, capacity 90223K, committed 90456K, reserved 1126400K
  class space    used 11767K, capacity 12587K, committed 12672K, reserved 1048576K
GC Heap History (10 events):
Event: 50.337 GC heap before
{Heap before GC invocations=19 (full 3):
 PSYoungGen      total 320512K, used 317622K [0x00000000e0000000, 0x00000000fba00000, 0x0000000100000000)
  eden space 272896K, 100% used [0x00000000e0000000,0x00000000f0a80000,0x00000000f0a80000)
  from space 47616K, 93% used [0x00000000f0a80000,0x00000000f362d8d8,0x00000000f3900000)
  to   space 53760K, 0% used [0x00000000f8580000,0x00000000f8580000,0x00000000fba00000)
 ParOldGen       total 217088K, used 126769K [0x00000000a0000000, 0x00000000ad400000, 0x00000000e0000000)
  object space 217088K, 58% used [0x00000000a0000000,0x00000000a7bcc5b0,0x00000000ad400000)
 Metaspace       used 76210K, capacity 79773K, committed 80088K, reserved 1118208K
  class space    used 10489K, capacity 11196K, committed 11264K, reserved 1048576K
Event: 50.373 GC heap after
Heap after GC invocations=19 (full 3):
 PSYoungGen      total 386560K, used 53733K [0x00000000e0000000, 0x00000000fd580000, 0x0000000100000000)
  eden space 332800K, 0% used [0x00000000e0000000,0x00000000e0000000,0x00000000f4500000)
  from space 53760K, 99% used [0x00000000f8580000,0x00000000fb9f94b0,0x00000000fba00000)
  to   space 66048K, 0% used [0x00000000f4500000,0x00000000f4500000,0x00000000f8580000)
 ParOldGen       total 217088K, used 136088K [0x00000000a0000000, 0x00000000ad400000, 0x00000000e0000000)
  object space 217088K, 62% used [0x00000000a0000000,0x00000000a84e6188,0x00000000ad400000)
 Metaspace       used 76210K, capacity 79773K, committed 80088K, reserved 1118208K
  class space    used 10489K, capacity 11196K, committed 11264K, reserved 1048576K
}
Event: 54.524 GC heap before
{Heap before GC invocations=20 (full 3):
 PSYoungGen      total 386560K, used 386533K [0x00000000e0000000, 0x00000000fd580000, 0x0000000100000000)
  eden space 332800K, 100% used [0x00000000e0000000,0x00000000f4500000,0x00000000f4500000)
  from space 53760K, 99% used [0x00000000f8580000,0x00000000fb9f94b0,0x00000000fba00000)
  to   space 66048K, 0% used [0x00000000f4500000,0x00000000f4500000,0x00000000f8580000)
 ParOldGen       total 217088K, used 136088K [0x00000000a0000000, 0x00000000ad400000, 0x00000000e0000000)
  object space 217088K, 62% used [0x00000000a0000000,0x00000000a84e6188,0x00000000ad400000)
 Metaspace       used 77234K, capacity 80817K, committed 80984K, reserved 1118208K
  class space    used 10625K, capacity 11354K, committed 11392K, reserved 1048576K
Event: 54.659 GC heap after
Heap after GC invocations=20 (full 3):
 PSYoungGen      total 398848K, used 13777K [0x00000000e0000000, 0x0000000100000000, 0x0000000100000000)
  eden space 332800K, 0% used [0x00000000e0000000,0x00000000e0000000,0x00000000f4500000)
  from space 66048K, 20% used [0x00000000f4500000,0x00000000f5274738,0x00000000f8580000)
  to   space 64000K, 0% used [0x00000000fc180000,0x00000000fc180000,0x0000000100000000)
 ParOldGen       total 217088K, used 189119K [0x00000000a0000000, 0x00000000ad400000, 0x00000000e0000000)
  object space 217088K, 87% used [0x00000000a0000000,0x00000000ab8afeb0,0x00000000ad400000)
 Metaspace       used 77234K, capacity 80817K, committed 80984K, reserved 1118208K
  class space    used 10625K, capacity 11354K, committed 11392K, reserved 1048576K
}
Event: 54.659 GC heap before
{Heap before GC invocations=21 (full 4):
 PSYoungGen      total 398848K, used 13777K [0x00000000e0000000, 0x0000000100000000, 0x0000000100000000)
  eden space 332800K, 0% used [0x00000000e0000000,0x00000000e0000000,0x00000000f4500000)
  from space 66048K, 20% used [0x00000000f4500000,0x00000000f5274738,0x00000000f8580000)
  to   space 64000K, 0% used [0x00000000fc180000,0x00000000fc180000,0x0000000100000000)
 ParOldGen       total 217088K, used 189119K [0x00000000a0000000, 0x00000000ad400000, 0x00000000e0000000)
  object space 217088K, 87% used [0x00000000a0000000,0x00000000ab8afeb0,0x00000000ad400000)
 Metaspace       used 77234K, capacity 80817K, committed 80984K, reserved 1118208K
  class space    used 10625K, capacity 11354K, committed 11392K, reserved 1048576K
Event: 54.899 GC heap after
Heap after GC invocations=21 (full 4):
 PSYoungGen      total 398848K, used 0K [0x00000000e0000000, 0x0000000100000000, 0x0000000100000000)
  eden space 332800K, 0% used [0x00000000e0000000,0x00000000e0000000,0x00000000f4500000)
  from space 66048K, 0% used [0x00000000f4500000,0x00000000f4500000,0x00000000f8580000)
  to   space 64000K, 0% used [0x00000000fc180000,0x00000000fc180000,0x0000000100000000)
 ParOldGen       total 359936K, used 101113K [0x00000000a0000000, 0x00000000b5f80000, 0x00000000e0000000)
  object space 359936K, 28% used [0x00000000a0000000,0x00000000a62be608,0x00000000b5f80000)
 Metaspace       used 76924K, capacity 79935K, committed 80984K, reserved 1118208K
  class space    used 10522K, capacity 11177K, committed 11392K, reserved 1048576K
}
Event: 58.511 GC heap before
{Heap before GC invocations=22 (full 4):
 PSYoungGen      total 398848K, used 332800K [0x00000000e0000000, 0x0000000100000000, 0x0000000100000000)
  eden space 332800K, 100% used [0x00000000e0000000,0x00000000f4500000,0x00000000f4500000)
  from space 66048K, 0% used [0x00000000f4500000,0x00000000f4500000,0x00000000f8580000)
  to   space 64000K, 0% used [0x00000000fc180000,0x00000000fc180000,0x0000000100000000)
 ParOldGen       total 359936K, used 101113K [0x00000000a0000000, 0x00000000b5f80000, 0x00000000e0000000)
  object space 359936K, 28% used [0x00000000a0000000,0x00000000a62be608,0x00000000b5f80000)
 Metaspace       used 85920K, capacity 89679K, committed 89944K, reserved 1126400K
  class space    used 11735K, capacity 12549K, committed 12672K, reserved 1048576K
Event: 58.541 GC heap after
Heap after GC invocations=22 (full 4):
 PSYoungGen      total 455168K, used 34592K [0x00000000e0000000, 0x00000000ffd00000, 0x0000000100000000)
  eden space 394240K, 0% used [0x00000000e0000000,0x00000000e0000000,0x00000000f8100000)
  from space 60928K, 56% used [0x00000000fc180000,0x00000000fe348308,0x00000000ffd00000)
  to   space 63488K, 0% used [0x00000000f8100000,0x00000000f8100000,0x00000000fbf00000)
 ParOldGen       total 359936K, used 101121K [0x00000000a0000000, 0x00000000b5f80000, 0x00000000e0000000)
  object space 359936K, 28% used [0x00000000a0000000,0x00000000a62c0608,0x00000000b5f80000)
 Metaspace       used 85920K, capacity 89679K, committed 89944K, reserved 1126400K
  class space    used 11735K, capacity 12549K, committed 12672K, reserved 1048576K
}
Event: 61.422 GC heap before
{Heap before GC invocations=23 (full 4):
 PSYoungGen      total 455168K, used 428832K [0x00000000e0000000, 0x00000000ffd00000, 0x0000000100000000)
  eden space 394240K, 100% used [0x00000000e0000000,0x00000000f8100000,0x00000000f8100000)
  from space 60928K, 56% used [0x00000000fc180000,0x00000000fe348308,0x00000000ffd00000)
  to   space 63488K, 0% used [0x00000000f8100000,0x00000000f8100000,0x00000000fbf00000)
 ParOldGen       total 359936K, used 101121K [0x00000000a0000000, 0x00000000b5f80000, 0x00000000e0000000)
  object space 359936K, 28% used [0x00000000a0000000,0x00000000a62c0608,0x00000000b5f80000)
 Metaspace       used 86287K, capacity 90159K, committed 90456K, reserved 1126400K
  class space    used 11765K, capacity 12587K, committed 12672K, reserved 1048576K
Event: 61.439 GC heap after
Heap after GC invocations=23 (full 4):
 PSYoungGen      total 457728K, used 8723K [0x00000000e0000000, 0x0000000100000000, 0x0000000100000000)
  eden space 394240K, 0% used [0x00000000e0000000,0x00000000e0000000,0x00000000f8100000)
  from space 63488K, 13% used [0x00000000f8100000,0x00000000f8984e70,0x00000000fbf00000)
  to   space 62976K, 0% used [0x00000000fc280000,0x00000000fc280000,0x0000000100000000)
 ParOldGen       total 359936K, used 116622K [0x00000000a0000000, 0x00000000b5f80000, 0x00000000e0000000)
  object space 359936K, 32% used [0x00000000a0000000,0x00000000a71e3a20,0x00000000b5f80000)
 Metaspace       used 86287K, capacity 90159K, committed 90456K, reserved 1126400K
  class space    used 11765K, capacity 12587K, committed 12672K, reserved 1048576K
}

