# JRE version: Java(TM) SE Runtime Environment (8.0_131-b11) (build 1.8.0_131-b11)
# Java VM: Java HotSpot(TM) 64-Bit Server VM (25.131-b11 mixed mode windows-amd64 compressed oops)
Heap:
 PSYoungGen      total 465920K, used 427371K [0x00000000e0000000, 0x00000000ffb80000, 0x0000000100000000)
  eden space 412160K, 100% used [0x00000000e0000000,0x00000000f9280000,0x00000000f9280000)
  from space 53760K, 38% used [0x00000000f9280000,0x00000000fa686180,0x00000000fc700000)
  to   space 53760K, 0% used [0x00000000fc700000,0x00000000fc700000,0x00000000ffb00000)
 ParOldGen       total 509952K, used 296952K [0x00000000a0000000, 0x00000000bf200000, 0x00000000e0000000)
  object space 509952K, 58% used [0x00000000a0000000,0x00000000b21fe2d8,0x00000000bf200000)
 Metaspace       used 118910K, capacity 125398K, committed 125824K, reserved 1159168K
  class space    used 15699K, capacity 16930K, committed 17024K, reserved 1048576K
GC Heap History (10 events):
Event: 907.337 GC heap before
{Heap before GC invocations=57 (full 6):
 PSYoungGen      total 459264K, used 428349K [0x00000000e0000000, 0x00000000ff800000, 0x0000000100000000)
  eden space 400384K, 100% used [0x00000000e0000000,0x00000000f8700000,0x00000000f8700000)
  from space 58880K, 47% used [0x00000000fbe80000,0x00000000fd9cf758,0x00000000ff800000)
  to   space 56832K, 0% used [0x00000000f8700000,0x00000000f8700000,0x00000000fbe80000)
 ParOldGen       total 462848K, used 374102K [0x00000000a0000000, 0x00000000bc400000, 0x00000000e0000000)
  object space 462848K, 80% used [0x00000000a0000000,0x00000000b6d559c8,0x00000000bc400000)
 Metaspace       used 118964K, capacity 125510K, committed 125568K, reserved 1157120K
  class space    used 15715K, capacity 16970K, committed 17024K, reserved 1048576K
Event: 907.379 GC heap after
Heap after GC invocations=57 (full 6):
 PSYoungGen      total 457216K, used 35192K [0x00000000e0000000, 0x00000000ffe00000, 0x0000000100000000)
  eden space 400384K, 0% used [0x00000000e0000000,0x00000000e0000000,0x00000000f8700000)
  from space 56832K, 61% used [0x00000000f8700000,0x00000000fa95e090,0x00000000fbe80000)
  to   space 56832K, 0% used [0x00000000fc680000,0x00000000fc680000,0x00000000ffe00000)
 ParOldGen       total 462848K, used 397894K [0x00000000a0000000, 0x00000000bc400000, 0x00000000e0000000)
  object space 462848K, 85% used [0x00000000a0000000,0x00000000b8491908,0x00000000bc400000)
 Metaspace       used 118964K, capacity 125510K, committed 125568K, reserved 1157120K
  class space    used 15715K, capacity 16970K, committed 17024K, reserved 1048576K
}
Event: 907.825 GC heap before
{Heap before GC invocations=58 (full 6):
 PSYoungGen      total 457216K, used 435576K [0x00000000e0000000, 0x00000000ffe00000, 0x0000000100000000)
  eden space 400384K, 100% used [0x00000000e0000000,0x00000000f8700000,0x00000000f8700000)
  from space 56832K, 61% used [0x00000000f8700000,0x00000000fa95e090,0x00000000fbe80000)
  to   space 56832K, 0% used [0x00000000fc680000,0x00000000fc680000,0x00000000ffe00000)
 ParOldGen       total 462848K, used 397894K [0x00000000a0000000, 0x00000000bc400000, 0x00000000e0000000)
  object space 462848K, 85% used [0x00000000a0000000,0x00000000b8491908,0x00000000bc400000)
 Metaspace       used 118987K, capacity 125574K, committed 125824K, reserved 1159168K
  class space    used 15715K, capacity 16970K, committed 17024K, reserved 1048576K
Event: 907.860 GC heap after
Heap after GC invocations=58 (full 6):
 PSYoungGen      total 465408K, used 10316K [0x00000000e0000000, 0x0000000100000000, 0x0000000100000000)
  eden space 408576K, 0% used [0x00000000e0000000,0x00000000e0000000,0x00000000f8f00000)
  from space 56832K, 18% used [0x00000000fc680000,0x00000000fd093330,0x00000000ffe00000)
  to   space 56832K, 0% used [0x00000000f8f00000,0x00000000f8f00000,0x00000000fc680000)
 ParOldGen       total 462848K, used 430452K [0x00000000a0000000, 0x00000000bc400000, 0x00000000e0000000)
  object space 462848K, 93% used [0x00000000a0000000,0x00000000ba45d0a0,0x00000000bc400000)
 Metaspace       used 118987K, capacity 125574K, committed 125824K, reserved 1159168K
  class space    used 15715K, capacity 16970K, committed 17024K, reserved 1048576K
}
Event: 907.860 GC heap before
{Heap before GC invocations=59 (full 7):
 PSYoungGen      total 465408K, used 10316K [0x00000000e0000000, 0x0000000100000000, 0x0000000100000000)
  eden space 408576K, 0% used [0x00000000e0000000,0x00000000e0000000,0x00000000f8f00000)
  from space 56832K, 18% used [0x00000000fc680000,0x00000000fd093330,0x00000000ffe00000)
  to   space 56832K, 0% used [0x00000000f8f00000,0x00000000f8f00000,0x00000000fc680000)
 ParOldGen       total 462848K, used 430452K [0x00000000a0000000, 0x00000000bc400000, 0x00000000e0000000)
  object space 462848K, 93% used [0x00000000a0000000,0x00000000ba45d0a0,0x00000000bc400000)
 Metaspace       used 118987K, capacity 125574K, committed 125824K, reserved 1159168K
  class space    used 15715K, capacity 16970K, committed 17024K, reserved 1048576K
Event: 908.310 GC heap after
Heap after GC invocations=59 (full 7):
 PSYoungGen      total 465408K, used 0K [0x00000000e0000000, 0x0000000100000000, 0x0000000100000000)
  eden space 408576K, 0% used [0x00000000e0000000,0x00000000e0000000,0x00000000f8f00000)
  from space 56832K, 0% used [0x00000000fc680000,0x00000000fc680000,0x00000000ffe00000)
  to   space 56832K, 0% used [0x00000000f8f00000,0x00000000f8f00000,0x00000000fc680000)
 ParOldGen       total 509952K, used 274771K [0x00000000a0000000, 0x00000000bf200000, 0x00000000e0000000)
  object space 509952K, 53% used [0x00000000a0000000,0x00000000b0c54fc0,0x00000000bf200000)
 Metaspace       used 118872K, capacity 125394K, committed 125824K, reserved 1159168K
  class space    used 15697K, capacity 16928K, committed 17024K, reserved 1048576K
}
Event: 908.803 GC heap before
{Heap before GC invocations=60 (full 7):
 PSYoungGen      total 465408K, used 408576K [0x00000000e0000000, 0x0000000100000000, 0x0000000100000000)
  eden space 408576K, 100% used [0x00000000e0000000,0x00000000f8f00000,0x00000000f8f00000)
  from space 56832K, 0% used [0x00000000fc680000,0x00000000fc680000,0x00000000ffe00000)
  to   space 56832K, 0% used [0x00000000f8f00000,0x00000000f8f00000,0x00000000fc680000)
 ParOldGen       total 509952K, used 274771K [0x00000000a0000000, 0x00000000bf200000, 0x00000000e0000000)
  object space 509952K, 53% used [0x00000000a0000000,0x00000000b0c54fc0,0x00000000bf200000)
 Metaspace       used 118885K, capacity 125394K, committed 125824K, reserved 1159168K
  class space    used 15697K, capacity 16928K, committed 17024K, reserved 1048576K
Event: 908.829 GC heap after
Heap after GC invocations=60 (full 7):
 PSYoungGen      total 465408K, used 17392K [0x00000000e0000000, 0x00000000ffd00000, 0x0000000100000000)
  eden space 408576K, 0% used [0x00000000e0000000,0x00000000e0000000,0x00000000f8f00000)
  from space 56832K, 30% used [0x00000000f8f00000,0x00000000f9ffc0b0,0x00000000fc680000)
  to   space 55296K, 0% used [0x00000000fc700000,0x00000000fc700000,0x00000000ffd00000)
 ParOldGen       total 509952K, used 274771K [0x00000000a0000000, 0x00000000bf200000, 0x00000000e0000000)
  object space 509952K, 53% used [0x00000000a0000000,0x00000000b0c54fc0,0x00000000bf200000)
 Metaspace       used 118885K, capacity 125394K, committed 125824K, reserved 1159168K
  class space    used 15697K, capacity 16928K, committed 17024K, reserved 1048576K
}
Event: 909.257 GC heap before
{Heap before GC invocations=61 (full 7):
 PSYoungGen      total 465408K, used 425968K [0x00000000e0000000, 0x00000000ffd00000, 0x0000000100000000)
  eden space 408576K, 100% used [0x00000000e0000000,0x00000000f8f00000,0x00000000f8f00000)
  from space 56832K, 30% used [0x00000000f8f00000,0x00000000f9ffc0b0,0x00000000fc680000)
  to   space 55296K, 0% used [0x00000000fc700000,0x00000000fc700000,0x00000000ffd00000)
 ParOldGen       total 509952K, used 274771K [0x00000000a0000000, 0x00000000bf200000, 0x00000000e0000000)
  object space 509952K, 53% used [0x00000000a0000000,0x00000000b0c54fc0,0x00000000bf200000)
 Metaspace       used 118892K, capacity 125394K, committed 125824K, reserved 1159168K
  class space    used 15697K, capacity 16928K, committed 17024K, reserved 1048576K
Event: 909.275 GC heap after
Heap after GC invocations=61 (full 7):
 PSYoungGen      total 465920K, used 15211K [0x00000000e0000000, 0x00000000ffb80000, 0x0000000100000000)
  eden space 412160K, 0% used [0x00000000e0000000,0x00000000e0000000,0x00000000f9280000)
  from space 53760K, 28% used [0x00000000fc700000,0x00000000fd5dae50,0x00000000ffb80000)
  to   space 53760K, 0% used [0x00000000f9280000,0x00000000f9280000,0x00000000fc700000)
 ParOldGen       total 509952K, used 284831K [0x00000000a0000000, 0x00000000bf200000, 0x00000000e0000000)
  object space 509952K, 55% used [0x00000000a0000000,0x00000000b1627fd8,0x00000000bf200000)
 Metaspace       used 118892K, capacity 125394K, committed 125824K, reserved 1159168K
  class space    used 15697K, capacity 16928K, committed 17024K, reserved 1048576K
}

